#
# There is insufficient memory for the Java Runtime Environment to continue.
# Native memory allocation (malloc) failed to allocate 32744 bytes for ChunkPool::allocate
# Possible reasons:
#   The system is out of physical RAM or swap space
#   In 32 bit mode, the process size limit was hit
# Possible solutions:
#   Reduce memory load on the system
#   Increase physical memory or swap space
#   Check if swap backing store is full
#   Use 64 bit Java on a 64 bit OS
#   Decrease Java heap size (-Xmx/-Xms)
#   Decrease number of Java threads
#   Decrease Java thread stack sizes (-Xss)
#   Set larger code cache with -XX:ReservedCodeCacheSize=
# This output file may be truncated or incomplete.
#
#  Out of Memory Error (allocation.cpp:273), pid=12192, tid=9532
#
# JRE version: Java(TM) SE Runtime Environment (8.0_40-b26) (build 1.8.0_40-b26)
# Java VM: Java HotSpot(TM) 64-Bit Server VM (25.40-b25 mixed mode windows-amd64 compressed oops)
# Failed to write core dump. Minidumps are not enabled by default on client versions of Windows
#

---------------  T H R E A D  ---------------

Current thread (0x0000000019460800):  JavaThread "C2 CompilerThread1" daemon [_thread_in_native, id=9532, stack(0x0000000019b30000,0x0000000019c30000)]

Stack: [0x0000000019b30000,0x0000000019c30000]
Native frames: (J=compiled Java code, j=interpreted, Vv=VM code, C=native code)
V  [jvm.dll+0x32b47a]
V  [jvm.dll+0x2797f3]
V  [jvm.dll+0x27a489]
V  [jvm.dll+0x2717a5]
V  [jvm.dll+0xcb7c4]
V  [jvm.dll+0xcb9e7]
V  [jvm.dll+0xcbe6c]
V  [jvm.dll+0xcc1c4]
V  [jvm.dll+0x4ea1f0]
V  [jvm.dll+0x4b5e2a]
V  [jvm.dll+0x4b60d3]
V  [jvm.dll+0x4b7959]
V  [jvm.dll+0x4b983f]
V  [jvm.dll+0x46bf81]
V  [jvm.dll+0x46ccbe]
V  [jvm.dll+0x4500d2]
V  [jvm.dll+0xa4312]
V  [jvm.dll+0xa4c4f]
V  [jvm.dll+0x241914]
V  [jvm.dll+0x29848a]
C  [msvcr100.dll+0x21d9f]
C  [msvcr100.dll+0x21e3b]
C  [KERNEL32.DLL+0x1842]
C  [ntdll.dll+0x3df11]


Current CompileTask:
C2:  12027 2845   !   4       com.android.dx.cf.code.BytecodeArray::parseInstruction (2764 bytes)


---------------  P R O C E S S  ---------------

Java Threads: ( => current thread )
  0x00000000196ac800 JavaThread "pool-2-thread-1" [_thread_blocked, id=8716, stack(0x000000001a130000,0x000000001a230000)]
  0x00000000196ab800 JavaThread "pool-1-thread-1" [_thread_in_Java, id=8684, stack(0x000000001a030000,0x000000001a130000)]
  0x00000000194ae000 JavaThread "Service Thread" daemon [_thread_blocked, id=9852, stack(0x0000000019e30000,0x0000000019f30000)]
  0x000000001946e000 JavaThread "C1 CompilerThread3" daemon [_thread_blocked, id=2580, stack(0x0000000019d30000,0x0000000019e30000)]
  0x0000000019465800 JavaThread "C2 CompilerThread2" daemon [_thread_in_native, id=10276, stack(0x0000000019c30000,0x0000000019d30000)]
=>0x0000000019460800 JavaThread "C2 CompilerThread1" daemon [_thread_in_native, id=9532, stack(0x0000000019b30000,0x0000000019c30000)]
  0x000000001945e800 JavaThread "C2 CompilerThread0" daemon [_thread_in_native, id=11528, stack(0x0000000019a30000,0x0000000019b30000)]
  0x0000000019457000 JavaThread "Attach Listener" daemon [_thread_blocked, id=7704, stack(0x0000000019930000,0x0000000019a30000)]
  0x0000000019456000 JavaThread "Signal Dispatcher" daemon [_thread_blocked, id=10268, stack(0x0000000019830000,0x0000000019930000)]
  0x000000000245c000 JavaThread "Finalizer" daemon [_thread_blocked, id=12180, stack(0x0000000019330000,0x0000000019430000)]
  0x0000000002454800 JavaThread "Reference Handler" daemon [_thread_blocked, id=11148, stack(0x0000000019230000,0x0000000019330000)]
  0x0000000002362800 JavaThread "main" [_thread_in_Java, id=816, stack(0x0000000001f80000,0x0000000002080000)]

Other Threads:
  0x0000000017469800 VMThread [stack: 0x0000000019130000,0x0000000019230000] [id=11632]
  0x00000000194af000 WatcherThread [stack: 0x0000000019f30000,0x000000001a030000] [id=2696]

VM state:not at safepoint (normal execution)

VM Mutex/Monitor currently owned by a thread: None

Heap:
 PSYoungGen      total 138240K, used 129340K [0x00000000d5900000, 0x00000000de500000, 0x0000000100000000)
  eden space 133120K, 97% used [0x00000000d5900000,0x00000000dd74f2e0,0x00000000ddb00000)
  from space 5120K, 0% used [0x00000000de000000,0x00000000de000000,0x00000000de500000)
  to   space 5120K, 0% used [0x00000000ddb00000,0x00000000ddb00000,0x00000000de000000)
 ParOldGen       total 87552K, used 87243K [0x0000000080a00000, 0x0000000085f80000, 0x00000000d5900000)
  object space 87552K, 99% used [0x0000000080a00000,0x0000000085f32c50,0x0000000085f80000)
 Metaspace       used 6412K, capacity 7284K, committed 7552K, reserved 1056768K
  class space    used 607K, capacity 620K, committed 640K, reserved 1048576K

Card table byte_map: [0x0000000011820000,0x0000000011c20000] byte_map_base: 0x000000001141b000

Marking Bits: (ParMarkBitMap*) 0x000000005aeb4040
 Begin Bits: [0x00000000126d0000, 0x00000000146a8000)
 End Bits:   [0x00000000146a8000, 0x0000000016680000)

Polling page: 0x0000000000620000

CodeCache: size=245760Kb used=10772Kb max_used=12754Kb free=234987Kb
 bounds [0x0000000002460000, 0x0000000003140000, 0x0000000011460000]
 total_blobs=2587 nmethods=2315 adapters=182
 compilation: enabled

Compilation events (10 events):
Event: 11.343 Thread 0x000000001946e000 2888       3       com.android.dx.ssa.SsaBasicBlock::addMoveToEnd (172 bytes)
Event: 11.345 Thread 0x000000001946e000 nmethod 2888 0x000000000277a4d0 code [0x000000000277a860, 0x000000000277c748]
Event: 11.565 Thread 0x0000000019465800 nmethod 2834 0x0000000002830490 code [0x0000000002830a00, 0x0000000002833cf0]
Event: 11.566 Thread 0x0000000019465800 2883       4       com.android.dx.rop.code.Rops::ropFor (771 bytes)
Event: 11.569 Thread 0x000000001946e000 2890       3       com.android.dx.cf.code.BasicBlocker::visitBranch (98 bytes)
Event: 11.570 Thread 0x000000001946e000 nmethod 2890 0x0000000002c31890 code [0x0000000002c31b80, 0x0000000002c33118]
Event: 11.571 Thread 0x000000001946e000 2891       3       com.android.dx.cf.direct.StdAttributeFactory::code (613 bytes)
Event: 11.578 Thread 0x000000001946e000 nmethod 2891 0x0000000002d56c10 code [0x0000000002d57580, 0x0000000002d5e178]
Event: 11.578 Thread 0x000000001946e000 2892       3       com.android.dx.ssa.Dominators$DfsWalker::<init> (6 bytes)
Event: 11.579 Thread 0x000000001946e000 nmethod 2892 0x00000000026ffc50 code [0x00000000026ffdc0, 0x00000000026ffff0]

GC Heap History (10 events):
Event: 10.326 GC heap before
{Heap before GC invocations=21 (full 15):
 PSYoungGen      total 138240K, used 133120K [0x00000000d5900000, 0x00000000de500000, 0x0000000100000000)
  eden space 133120K, 100% used [0x00000000d5900000,0x00000000ddb00000,0x00000000ddb00000)
  from space 5120K, 0% used [0x00000000de000000,0x00000000de000000,0x00000000de500000)
  to   space 5120K, 0% used [0x00000000ddb00000,0x00000000ddb00000,0x00000000de000000)
 ParOldGen       total 87552K, used 87243K [0x0000000080a00000, 0x0000000085f80000, 0x00000000d5900000)
  object space 87552K, 99% used [0x0000000080a00000,0x0000000085f32dc0,0x0000000085f80000)
 Metaspace       used 6412K, capacity 7284K, committed 7552K, reserved 1056768K
  class space    used 606K, capacity 620K, committed 640K, reserved 1048576K
Event: 10.616 GC heap after
Heap after GC invocations=21 (full 15):
 PSYoungGen      total 138240K, used 117354K [0x00000000d5900000, 0x00000000de500000, 0x0000000100000000)
  eden space 133120K, 88% used [0x00000000d5900000,0x00000000dcb9a950,0x00000000ddb00000)
  from space 5120K, 0% used [0x00000000de000000,0x00000000de000000,0x00000000de500000)
  to   space 5120K, 0% used [0x00000000ddb00000,0x00000000ddb00000,0x00000000de000000)
 ParOldGen       total 87552K, used 87243K [0x0000000080a00000, 0x0000000085f80000, 0x00000000d5900000)
  object space 87552K, 99% used [0x0000000080a00000,0x0000000085f32db0,0x0000000085f80000)
 Metaspace       used 6412K, capacity 7284K, committed 7552K, reserved 1056768K
  class space    used 606K, capacity 620K, committed 640K, reserved 1048576K
}
Event: 10.647 GC heap before
{Heap before GC invocations=22 (full 16):
 PSYoungGen      total 138240K, used 133120K [0x00000000d5900000, 0x00000000de500000, 0x0000000100000000)
  eden space 133120K, 100% used [0x00000000d5900000,0x00000000ddb00000,0x00000000ddb00000)
  from space 5120K, 0% used [0x00000000de000000,0x00000000de000000,0x00000000de500000)
  to   space 5120K, 0% used [0x00000000ddb00000,0x00000000ddb00000,0x00000000de000000)
 ParOldGen       total 87552K, used 87243K [0x0000000080a00000, 0x0000000085f80000, 0x00000000d5900000)
  object space 87552K, 99% used [0x0000000080a00000,0x0000000085f32db0,0x0000000085f80000)
 Metaspace       used 6412K, capacity 7284K, committed 7552K, reserved 1056768K
  class space    used 607K, capacity 620K, committed 640K, reserved 1048576K
Event: 10.877 GC heap after
Heap after GC invocations=22 (full 16):
 PSYoungGen      total 138240K, used 119732K [0x00000000d5900000, 0x00000000de500000, 0x0000000100000000)
  eden space 133120K, 89% used [0x00000000d5900000,0x00000000dcded238,0x00000000ddb00000)
  from space 5120K, 0% used [0x00000000de000000,0x00000000de000000,0x00000000de500000)
  to   space 5120K, 0% used [0x00000000ddb00000,0x00000000ddb00000,0x00000000de000000)
 ParOldGen       total 87552K, used 87243K [0x0000000080a00000, 0x0000000085f80000, 0x00000000d5900000)
  object space 87552K, 99% used [0x0000000080a00000,0x0000000085f32db0,0x0000000085f80000)
 Metaspace       used 6412K, capacity 7284K, committed 7552K, reserved 1056768K
  class space    used 607K, capacity 620K, committed 640K, reserved 1048576K
}
Event: 10.903 GC heap before
{Heap before GC invocations=23 (full 17):
 PSYoungGen      total 138240K, used 133120K [0x00000000d5900000, 0x00000000de500000, 0x0000000100000000)
  eden space 133120K, 100% used [0x00000000d5900000,0x00000000ddb00000,0x00000000ddb00000)
  from space 5120K, 0% used [0x00000000de000000,0x00000000de000000,0x00000000de500000)
  to   space 5120K, 0% used [0x00000000ddb00000,0x00000000ddb00000,0x00000000de000000)
 ParOldGen       total 87552K, used 87243K [0x0000000080a00000, 0x0000000085f80000, 0x00000000d5900000)
  object space 87552K, 99% used [0x0000000080a00000,0x0000000085f32db0,0x0000000085f80000)
 Metaspace       used 6412K, capacity 7284K, committed 7552K, reserved 1056768K
  class space    used 607K, capacity 620K, committed 640K, reserved 1048576K
Event: 11.323 GC heap after
Heap after GC invocations=23 (full 17):
 PSYoungGen      total 138240K, used 121480K [0x00000000d5900000, 0x00000000de500000, 0x0000000100000000)
  eden space 133120K, 91% used [0x00000000d5900000,0x00000000dcfa2240,0x00000000ddb00000)
  from space 5120K, 0% used [0x00000000de000000,0x00000000de000000,0x00000000de500000)
  to   space 5120K, 0% used [0x00000000ddb00000,0x00000000ddb00000,0x00000000de000000)
 ParOldGen       total 87552K, used 87243K [0x0000000080a00000, 0x0000000085f80000, 0x00000000d5900000)
  object space 87552K, 99% used [0x0000000080a00000,0x0000000085f32c50,0x0000000085f80000)
 Metaspace       used 6412K, capacity 7284K, committed 7552K, reserved 1056768K
  class space    used 607K, capacity 620K, committed 640K, reserved 1048576K
}
Event: 11.346 GC heap before
{Heap before GC invocations=24 (full 18):
 PSYoungGen      total 138240K, used 133120K [0x00000000d5900000, 0x00000000de500000, 0x0000000100000000)
  eden space 133120K, 100% used [0x00000000d5900000,0x00000000ddb00000,0x00000000ddb00000)
  from space 5120K, 0% used [0x00000000de000000,0x00000000de000000,0x00000000de500000)
  to   space 5120K, 0% used [0x00000000ddb00000,0x00000000ddb00000,0x00000000de000000)
 ParOldGen       total 87552K, used 87243K [0x0000000080a00000, 0x0000000085f80000, 0x00000000d5900000)
  object space 87552K, 99% used [0x0000000080a00000,0x0000000085f32c50,0x0000000085f80000)
 Metaspace       used 6412K, capacity 7284K, committed 7552K, reserved 1056768K
  class space    used 607K, capacity 620K, committed 640K, reserved 1048576K
Event: 11.561 GC heap after
Heap after GC invocations=24 (full 18):
 PSYoungGen      total 138240K, used 123212K [0x00000000d5900000, 0x00000000de500000, 0x0000000100000000)
  eden space 133120K, 92% used [0x00000000d5900000,0x00000000dd153338,0x00000000ddb00000)
  from space 5120K, 0% used [0x00000000de000000,0x00000000de000000,0x00000000de500000)
  to   space 5120K, 0% used [0x00000000ddb00000,0x00000000ddb00000,0x00000000de000000)
 ParOldGen       total 87552K, used 87243K [0x0000000080a00000, 0x0000000085f80000, 0x00000000d5900000)
  object space 87552K, 99% used [0x0000000080a00000,0x0000000085f32c50,0x0000000085f80000)
 Metaspace       used 6412K, capacity 7284K, committed 7552K, reserved 1056768K
  class space    used 607K, capacity 620K, committed 640K, reserved 1048576K
}
Event: 11.590 GC heap before
{Heap before GC invocations=25 (full 19):
 PSYoungGen      total 138240K, used 133120K [0x00000000d5900000, 0x00000000de500000, 0x0000000100000000)
  eden space 133120K, 100% used [0x00000000d5900000,0x00000000ddb00000,0x00000000ddb00000)
  from space 5120K, 0% used [0x00000000de000000,0x00000000de000000,0x00000000de500000)
  to   space 5120K, 0% used [0x00000000ddb00000,0x00000000ddb00000,0x00000000de000000)
 ParOldGen       total 87552K, used 87243K [0x0000000080a00000, 0x0000000085f80000, 0x00000000d5900000)
  object space 87552K, 99% used [0x0000000080a00000,0x0000000085f32c50,0x0000000085f80000)
 Metaspace       used 6412K, capacity 7284K, committed 7552K, reserved 1056768K
  class space    used 607K, capacity 620K, committed 640K, reserved 1048576K
Event: 11.813 GC heap after
Heap after GC invocations=25 (full 19):
 PSYoungGen      total 138240K, used 125144K [0x00000000d5900000, 0x00000000de500000, 0x0000000100000000)
  eden space 133120K, 94% used [0x00000000d5900000,0x00000000dd336058,0x00000000ddb00000)
  from space 5120K, 0% used [0x00000000de000000,0x00000000de000000,0x00000000de500000)
  to   space 5120K, 0% used [0x00000000ddb00000,0x00000000ddb00000,0x00000000de000000)
 ParOldGen       total 87552K, used 87243K [0x0000000080a00000, 0x0000000085f80000, 0x00000000d5900000)
  object space 87552K, 99% used [0x0000000080a00000,0x0000000085f32c50,0x0000000085f80000)
 Metaspace       used 6412K, capacity 7284K, committed 7552K, reserved 1056768K
  class space    used 607K, capacity 620K, committed 640K, reserved 1048576K
}

Deoptimization events (10 events):
Event: 8.926 Thread 0x00000000196ab800 Uncommon trap: reason=bimorphic action=maybe_recompile pc=0x00000000030cb2f8 method=com.android.dx.cf.code.BytecodeArray.parseInstruction(ILcom/android/dx/cf/code/BytecodeArray$Visitor;)I @ 1597
Event: 8.932 Thread 0x00000000196ab800 Uncommon trap: reason=bimorphic action=maybe_recompile pc=0x0000000003002adc method=java.util.HashMap.putVal(ILjava/lang/Object;Ljava/lang/Object;ZZ)Ljava/lang/Object; @ 203
Event: 9.318 Thread 0x00000000196ab800 Uncommon trap: reason=unstable_if action=reinterpret pc=0x0000000003029838 method=com.android.dx.cf.code.ByteCatchList.listFor(I)Lcom/android/dx/cf/code/ByteCatchList; @ 47
Event: 9.320 Thread 0x0000000002362800 Uncommon trap: reason=null_check action=make_not_entrant pc=0x00000000030def14 method=com.android.dx.dex.file.MethodIdsSection.intern(Lcom/android/dx/rop/cst/CstBaseMethodRef;)Lcom/android/dx/dex/file/MethodIdItem; @ 26
Event: 9.324 Thread 0x00000000196ab800 Uncommon trap: reason=null_check action=make_not_entrant pc=0x00000000030def14 method=com.android.dx.dex.file.MethodIdsSection.intern(Lcom/android/dx/rop/cst/CstBaseMethodRef;)Lcom/android/dx/dex/file/MethodIdItem; @ 26
Event: 9.363 Thread 0x00000000196ab800 Uncommon trap: reason=null_check action=make_not_entrant pc=0x0000000003067f64 method=com.android.dx.dex.file.MethodIdsSection.intern(Lcom/android/dx/rop/cst/CstBaseMethodRef;)Lcom/android/dx/dex/file/MethodIdItem; @ 26
Event: 10.619 Thread 0x00000000196ab800 Uncommon trap: reason=bimorphic action=maybe_recompile pc=0x00000000030fa904 method=com.android.dx.cf.code.BytecodeArray.parseInstruction(ILcom/android/dx/cf/code/BytecodeArray$Visitor;)I @ 2135
Event: 10.879 Thread 0x00000000196ab800 Uncommon trap: reason=class_check action=maybe_recompile pc=0x00000000030fc458 method=com.android.dx.cf.code.BytecodeArray.parseInstruction(ILcom/android/dx/cf/code/BytecodeArray$Visitor;)I @ 2032
Event: 10.879 Thread 0x00000000196ab800 Uncommon trap: reason=class_check action=maybe_recompile pc=0x00000000030fc458 method=com.android.dx.cf.code.BytecodeArray.parseInstruction(ILcom/android/dx/cf/code/BytecodeArray$Visitor;)I @ 2032
Event: 10.883 Thread 0x00000000196ab800 Uncommon trap: reason=unstable_if action=reinterpret pc=0x0000000002950a88 method=com.android.dx.ssa.LiteralOpUpgrader$1.visitNonMoveInsn(Lcom/android/dx/ssa/NormalSsaInsn;)V @ 176

Internal exceptions (10 events):
Event: 0.368 Thread 0x0000000002362800 Exception <a 'java/lang/NoSuchMethodError': Method sun.misc.Unsafe.defineClass(Ljava/lang/String;[BII)Ljava/lang/Class; name or signature does not match> (0x00000000d590e2e0) thrown at [D:\re\workspace\8-2-build-windows-amd64-cygwin\jdk8u40\3098\hotspot\srnyÛ'è◊?
Event: 0.368 Thread 0x0000000002362800 Exception <a 'java/lang/NoSuchMethodError': Method sun.misc.Unsafe.prefetchRead(Ljava/lang/Object;J)V name or signature does not match> (0x00000000d590e570) thrown at [D:\re\workspace\8-2-build-windows-amd64-cygwin\jdk8u40\3098\hotspot\src\share\vm\prims\jPπ ‘Û?
Event: 1.239 Thread 0x00000000196ab800 Exception <a 'java/lang/ArrayIndexOutOfBoundsException': 18> (0x00000000d671e2b8) thrown at [D:\re\workspace\8-2-build-windows-amd64-cygwin\jdk8u40\3098\hotspot\src\share\vm\interpreter\interpreterRuntime.cpp, line 366]
Event: 1.240 Thread 0x00000000196ab800 Exception <a 'java/lang/ArrayIndexOutOfBoundsException': 145> (0x00000000d671fd88) thrown at [D:\re\workspace\8-2-build-windows-amd64-cygwin\jdk8u40\3098\hotspot\src\share\vm\interpreter\interpreterRuntime.cpp, line 366]
Event: 1.269 Thread 0x00000000196ab800 Exception <a 'java/lang/ArrayIndexOutOfBoundsException'> (0x00000000d6720fc0) thrown at [D:\re\workspace\8-2-build-windows-amd64-cygwin\jdk8u40\3098\hotspot\src\share\vm\runtime\sharedRuntime.cpp, line 605]
Event: 2.517 Thread 0x0000000002362800 Implicit null exception at 0x0000000002c63c22 to 0x0000000002c63d12
Event: 3.024 Thread 0x0000000002362800 Implicit null exception at 0x0000000002d57e0d to 0x0000000002d59fb5
Event: 9.320 Thread 0x0000000002362800 Implicit null exception at 0x00000000030db6fc to 0x00000000030def09
Event: 9.324 Thread 0x00000000196ab800 Implicit null exception at 0x00000000030db6fc to 0x00000000030def09
Event: 9.363 Thread 0x00000000196ab800 Implicit null exception at 0x00000000030675bc to 0x0000000003067f35

Events (10 events):
Event: 11.579 Thread 0x000000001946e000 flushing nmethod 0x00000000025b6ad0
Event: 11.579 Thread 0x000000001946e000 flushing nmethod 0x00000000025c5490
Event: 11.579 Thread 0x000000001946e000 flushing nmethod 0x00000000025c9810
Event: 11.579 Thread 0x000000001946e000 flushing nmethod 0x00000000025cf3d0
Event: 11.579 Thread 0x000000001946e000 flushing nmethod 0x00000000025d37d0
Event: 11.579 Thread 0x000000001946e000 flushing nmethod 0x00000000025d4e10
Event: 11.579 Thread 0x000000001946e000 flushing nmethod 0x00000000025d5610
Event: 11.579 Thread 0x000000001946e000 flushing nmethod 0x00000000025fb450
Event: 11.589 Executing VM operation: ParallelGCFailedAllocation
Event: 11.813 Executing VM operation: ParallelGCFailedAllocation done


Dynamic libraries:
0x000007f68ae80000 - 0x000007f68aeb7000 	C:\PROGRA~1\Java\JDK18~1.0_4\bin\java.exe
0x000007fcc7180000 - 0x000007fcc733d000 	C:\Windows\SYSTEM32\ntdll.dll
0x000007fcc4a50000 - 0x000007fcc4b87000 	C:\Windows\system32\KERNEL32.DLL
0x000007fcafa50000 - 0x000007fcafa83000 	C:\Program Files\AVAST Software\Avast\x64\aswhooka.dll
0x000007fcc43d0000 - 0x000007fcc44c4000 	C:\Windows\system32\KERNELBASE.dll
0x000007fcc5470000 - 0x000007fcc554e000 	C:\Windows\system32\ADVAPI32.dll
0x000007fcc5280000 - 0x000007fcc53cc000 	C:\Windows\system32\USER32.dll
0x000007fcc1700000 - 0x000007fcc196a000 	C:\Windows\WinSxS\amd64_microsoft.windows.common-controls_6595b64144ccf1df_6.0.9200.17359_none_4188b989718cf1c6\COMCTL32.dll
0x000007fcc50b0000 - 0x000007fcc5155000 	C:\Windows\system32\msvcrt.dll
0x000007fcc5550000 - 0x000007fcc5598000 	C:\Windows\SYSTEM32\sechost.dll
0x000007fcc4900000 - 0x000007fcc4a45000 	C:\Windows\system32\RPCRT4.dll
0x000007fcc4620000 - 0x000007fcc4761000 	C:\Windows\system32\GDI32.dll
0x000007fcc55a0000 - 0x000007fcc55d9000 	C:\Windows\system32\IMM32.DLL
0x000007fcc6c00000 - 0x000007fcc6d15000 	C:\Windows\system32\MSCTF.dll
0x000000005b070000 - 0x000000005b142000 	C:\PROGRA~1\Java\JDK18~1.0_4\jre\bin\msvcr100.dll
0x000000005a6b0000 - 0x000000005af33000 	C:\PROGRA~1\Java\JDK18~1.0_4\jre\bin\server\jvm.dll
0x000007fcb94d0000 - 0x000007fcb94d9000 	C:\Windows\SYSTEM32\WSOCK32.dll
0x000007fcbe1c0000 - 0x000007fcbe1e0000 	C:\Windows\SYSTEM32\WINMM.dll
0x000007fcc1ec0000 - 0x000007fcc1ec9000 	C:\Windows\SYSTEM32\VERSION.dll
0x000007fcc6b40000 - 0x000007fcc6b47000 	C:\Windows\system32\PSAPI.DLL
0x000007fcc51d0000 - 0x000007fcc5228000 	C:\Windows\system32\WS2_32.dll
0x000007fcbe170000 - 0x000007fcbe1a3000 	C:\Windows\SYSTEM32\WINMMBASE.dll
0x000007fcc5840000 - 0x000007fcc5849000 	C:\Windows\system32\NSI.dll
0x000007fcc44d0000 - 0x000007fcc451f000 	C:\Windows\SYSTEM32\cfgmgr32.dll
0x000007fcc4520000 - 0x000007fcc4542000 	C:\Windows\system32\DEVOBJ.dll
0x000000005b060000 - 0x000000005b06f000 	C:\PROGRA~1\Java\JDK18~1.0_4\jre\bin\verify.dll
0x000000005b030000 - 0x000000005b059000 	C:\PROGRA~1\Java\JDK18~1.0_4\jre\bin\java.dll
0x000000005b010000 - 0x000000005b026000 	C:\PROGRA~1\Java\JDK18~1.0_4\jre\bin\zip.dll
0x000007fcc5850000 - 0x000007fcc6b35000 	C:\Windows\system32\SHELL32.dll
0x000007fcc4f00000 - 0x000007fcc50b0000 	C:\Windows\SYSTEM32\combase.dll
0x000007fcc5230000 - 0x000007fcc5280000 	C:\Windows\system32\SHLWAPI.dll
0x000007fcc31d0000 - 0x000007fcc3266000 	C:\Windows\SYSTEM32\SHCORE.dll
0x000007fcc40a0000 - 0x000007fcc40b5000 	C:\Windows\system32\profapi.dll
0x000007fcac4f0000 - 0x000007fcac653000 	C:\Windows\SYSTEM32\dbghelp.dll

VM Arguments:
java_command: C:\Program Files (x86)\Android\android-sdk\build-tools\23.0.1\\lib\dx.jar --no-strict --dex --output=obj\Debug\android\bin obj\Debug\android\bin\classes C:\Program Files (x86)\Reference Assemblies\Microsoft\Framework\MonoAndroid\v6.0\mono.android.jar obj\Debug\__library_projects__\FormsViewGroup\library_project_imports\formsviewgroup.jar C:\Users\Claire\AppData\Local\Xamarin\Xamarin.Android.Support.Animated.Vector.Drawable\23.3.0.0\embedded\classes.jar C:\Users\Claire\AppData\Local\Xamarin\Xamarin.Android.Support.Design\23.3.0.0\embedded\classes.jar C:\Users\Claire\AppData\Local\Xamarin\Xamarin.Android.Support.v4\23.3.0.0\embedded\classes.jar C:\Users\Claire\AppData\Local\Xamarin\Xamarin.Android.Support.v4\23.3.0.0\embedded\libs\internal_impl-23.3.0.jar C:\Users\Claire\AppData\Local\Xamarin\Xamarin.Android.Support.v7.AppCompat\23.3.0.0\embedded\classes.jar C:\Users\Claire\AppData\Local\Xamarin\Xamarin.Android.Support.v7.CardView\23.3.0.0\embedded\classes.jar C:\Users\Claire\AppData\Local\Xamarin\Xamarin.Android.Support.v7.MediaRouter\23.3.0.0\embedded\classes.jar C:\Users\Claire\AppData\Local\Xamarin\Xamarin.Android.Support.v7.MediaRouter\23.3.0.0\embedded\libs\internal_impl-23.3.0.jar C:\Users\Claire\AppData\Local\Xamarin\Xamarin.Android.Support.v7.RecyclerView\23.3.0.0\embedded\classes.jar C:\Users\Claire\AppData\Local\Xamarin\Xamarin.Android.Support.Vector.Drawable\23.3.0.0\embedded\classes.jar
java_class_path (initial): C:\Program Files (x86)\Android\android-sdk\build-tools\23.0.1\\lib\dx.jar
Launcher Type: SUN_STANDARD

Environment Variables:
PATH=C:\PROGRA~1\Java\JDK18~1.0_4\bin;C:\Program Files (x86)\Microsoft Visual Studio 14.0\Common7\IDE\CommonExtensions\Microsoft\TeamFoundation\Team Explorer\NativeBinaries\x86;C:\ProgramData\Oracle\Java\javapath;C:\Windows\system32;C:\Windows;C:\Windows\System32\Wbem;C:\Windows\System32\WindowsPowerShell\v1.0\;c:\Program Files (x86)\Microsoft SQL Server\100\Tools\Binn\;c:\Program Files (x86)\Microsoft SQL Server\100\DTS\Binn\;c:\Program Files (x86)\Microsoft SQL Server\100\Tools\Binn\VSShell\Common7\IDE\;C:\Program Files\Microsoft SQL Server\110\Tools\Binn\;C:\Program Files\doxygen\bin;C:\Program Files (x86)\MiKTeX 2.9\miktex\bin\;C:\Program Files (x86)\Microsoft SQL Server\110\Tools\Binn\;C:\Program Files\Microsoft SQL Server\110\DTS\Binn\;C:\Program Files (x86)\Microsoft SQL Server\110\Tools\Binn\ManagementStudio\;C:\Program Files (x86)\Microsoft SQL Server\110\DTS\Binn\;C:\Program Files\Microsoft SQL Server\120\Tools\Binn\;C:\Program Files\Git\cmd;D:\xampp\php;C:\ProgramData\ComposerSetup\bin;C:\python35;C:\python35\Scripts;C:\Program Files (x86)\Skype\Phone\;C:\Windows\system32\config\systemprofile\.dnx\bin;C:\Program Files\Microsoft DNX\Dnvm\;C:\Program Files\Microsoft SQL Server\130\Tools\Binn\;C:\Users\Claire\AppData\Roaming\Composer\vendor\bin
USERNAME=Claire
OS=Windows_NT
PROCESSOR_IDENTIFIER=Intel64 Family 6 Model 58 Stepping 9, GenuineIntel



---------------  S Y S T E M  ---------------

OS: Windows 8 , 64 bit Build 9200 (6.2.9200.16859)

CPU:total 8 (4 cores per cpu, 2 threads per core) family 6 model 58 stepping 9, cmov, cx8, fxsr, mmx, sse, sse2, sse3, ssse3, sse4.1, sse4.2, popcnt, avx, aes, clmul, erms, ht, tsc, tscinvbit, tscinv

Memory: 4k page, physical 8340808k(1364100k free), swap 8865096k(28332k free)

vm_info: Java HotSpot(TM) 64-Bit Server VM (25.40-b25) for windows-amd64 JRE (1.8.0_40-b26), built on Mar  7 2015 13:51:59 by "java_re" with MS VC++ 10.0 (VS2010)

time: Mon Jul 17 11:52:46 2017
elapsed time: 12 seconds (0d 0h 0m 12s)

